{"name": "test_logout", "status": "broken", "statusDetails": {"message": "selenium.common.exceptions.TimeoutException: Message: \nStacktrace:\nBacktrace:\n\tOrdinal0 [0x00CC7413+2389011]\n\tOrdinal0 [0x00C59F61+1941345]\n\tOrdinal0 [0x00B4C658+837208]\n\tOrdinal0 [0x00B791DD+1020381]\n\tOrdinal0 [0x00B7949B+1021083]\n\tOrdinal0 [0x00BA6032+1204274]\n\tOrdinal0 [0x00B94194+1130900]\n\tOrdinal0 [0x00BA4302+1196802]\n\tOrdinal0 [0x00B93F66+1130342]\n\tOrdinal0 [0x00B6E546+976198]\n\tOrdinal0 [0x00B6F456+980054]\n\tGetHandleVerifier [0x00E79632+1727522]\n\tGetHandleVerifier [0x00F2BA4D+2457661]\n\tGetHandleVerifier [0x00D5EB81+569713]\n\tGetHandleVerifier [0x00D5DD76+566118]\n\tOrdinal0 [0x00C60B2B+1968939]\n\tOrdinal0 [0x00C65988+1989000]\n\tOrdinal0 [0x00C65A75+1989237]\n\tOrdinal0 [0x00C6ECB1+2026673]\n\tBaseThreadInitThunk [0x74EAFA29+25]\n\tRtlGetAppContainerNamedObjectPath [0x76EE7A7E+286]\n\tRtlGetAppContainerNamedObjectPath [0x76EE7A4E+238]", "trace": "self = <test_login.TestLogin object at 0x0000017D73DBFE50>\n\n    def test_logout(self):\n        try:\n            log = self.getLogger()\n            driver = self.driver\n            homepage = HomePage(driver)\n            driver.implicitly_wait(5)\n    \n            log.info(\"Click username\")\n>           homepage.click_usermenu()\n\ntests\\test_login.py:40: \n_ _ _ _ _ _ _ _ _ _ _ _ _ _ _ _ _ _ _ _ _ _ _ _ _ _ _ _ _ _ _ _ _ _ _ _ _ _ _ _ _ _ _ _ _ _ _ _ _ _ _ _ _ _ _ _ _ _ _ _\npages\\test_HomePage.py:15: in click_usermenu\n    element = WebDriverWait(self.driver, 50).until(\n_ _ _ _ _ _ _ _ _ _ _ _ _ _ _ _ _ _ _ _ _ _ _ _ _ _ _ _ _ _ _ _ _ _ _ _ _ _ _ _ _ _ _ _ _ _ _ _ _ _ _ _ _ _ _ _ _ _ _ _\n\nself = <selenium.webdriver.support.wait.WebDriverWait (session=\"f274f337e6a25931181c2b4296d6f587\")>\nmethod = <function presence_of_element_located.<locals>._predicate at 0x0000017D73F3FA30>, message = ''\n\n    def until(self, method, message=''):\n        \"\"\"Calls the method provided with the driver as an argument until the \\\n        return value does not evaluate to ``False``.\n    \n        :param method: callable(WebDriver)\n        :param message: optional message for :exc:`TimeoutException`\n        :returns: the result of the last call to `method`\n        :raises: :exc:`selenium.common.exceptions.TimeoutException` if timeout occurs\n        \"\"\"\n        screen = None\n        stacktrace = None\n    \n        end_time = time.time() + self._timeout\n        while True:\n            try:\n                value = method(self._driver)\n                if value:\n                    return value\n            except InvalidSelectorException as e:\n                raise e\n            except self._ignored_exceptions as exc:\n                screen = getattr(exc, 'screen', None)\n                stacktrace = getattr(exc, 'stacktrace', None)\n            time.sleep(self._poll)\n            if time.time() > end_time:\n                break\n>       raise TimeoutException(message, screen, stacktrace)\nE       selenium.common.exceptions.TimeoutException: Message: \nE       Stacktrace:\nE       Backtrace:\nE       \tOrdinal0 [0x00CC7413+2389011]\nE       \tOrdinal0 [0x00C59F61+1941345]\nE       \tOrdinal0 [0x00B4C658+837208]\nE       \tOrdinal0 [0x00B791DD+1020381]\nE       \tOrdinal0 [0x00B7949B+1021083]\nE       \tOrdinal0 [0x00BA6032+1204274]\nE       \tOrdinal0 [0x00B94194+1130900]\nE       \tOrdinal0 [0x00BA4302+1196802]\nE       \tOrdinal0 [0x00B93F66+1130342]\nE       \tOrdinal0 [0x00B6E546+976198]\nE       \tOrdinal0 [0x00B6F456+980054]\nE       \tGetHandleVerifier [0x00E79632+1727522]\nE       \tGetHandleVerifier [0x00F2BA4D+2457661]\nE       \tGetHandleVerifier [0x00D5EB81+569713]\nE       \tGetHandleVerifier [0x00D5DD76+566118]\nE       \tOrdinal0 [0x00C60B2B+1968939]\nE       \tOrdinal0 [0x00C65988+1989000]\nE       \tOrdinal0 [0x00C65A75+1989237]\nE       \tOrdinal0 [0x00C6ECB1+2026673]\nE       \tBaseThreadInitThunk [0x74EAFA29+25]\nE       \tRtlGetAppContainerNamedObjectPath [0x76EE7A7E+286]\nE       \tRtlGetAppContainerNamedObjectPath [0x76EE7A4E+238]\n\n..\\..\\AppData\\Local\\Programs\\Python\\Python310\\lib\\site-packages\\selenium\\webdriver\\support\\wait.py:89: TimeoutException"}, "attachments": [{"name": "test_logout21-04-2022_12-39-20", "source": "fa17aefb-8bbe-48ad-8b88-d0e70d6c02f0-attachment.png", "type": "image/png"}, {"name": "log", "source": "6ec5c56a-4eb1-4dc0-9823-2e70efab8b7e-attachment.txt", "type": "text/plain"}, {"name": "stdout", "source": "01f7685d-eb8e-48d3-8d12-464eafce1438-attachment.txt", "type": "text/plain"}], "start": 1650524905428, "stop": 1650524962474, "uuid": "61e740de-6928-487c-b5dc-f7083f8cd777", "historyId": "22bac01b3c7491378deafbf6e6797ba7", "testCaseId": "b90200cedc51a1ecbba9a19fbdbf8893", "fullName": "tests.test_login.TestLogin#test_logout", "labels": [{"name": "tag", "value": "@pytest.mark.usefixtures('test_setup')"}, {"name": "parentSuite", "value": "tests"}, {"name": "suite", "value": "test_login"}, {"name": "subSuite", "value": "TestLogin"}, {"name": "host", "value": "ICS-LAP-4792"}, {"name": "thread", "value": "9232-MainThread"}, {"name": "framework", "value": "pytest"}, {"name": "language", "value": "cpython3"}, {"name": "package", "value": "tests.test_login"}]}